\BOOKMARK [1][-]{section.1}{\376\377\000I\000n\000t\000r\000o\000d\000u\000c\000t\000i\000o\000n}{}% 1
\BOOKMARK [1][-]{section.2}{\376\377\000D\000\351\000f\000i\000n\000i\000t\000i\000o\000n\000\040\000d\000e\000\040\000W\000h\000i\000t\000e\000b\000o\000x\000\040\000e\000t\000\040\000B\000l\000a\000c\000k\000b\000o\000x}{}% 2
\BOOKMARK [2][-]{subsection.2.1}{\376\377\000M\000o\000d\000\350\000l\000e\000\040\000B\000l\000a\000c\000k\000b\000o\000x}{section.2}% 3
\BOOKMARK [3][-]{subsubsection.2.1.1}{\376\377\000D\000\351\000f\000i\000n\000i\000t\000i\000o\000n}{subsection.2.1}% 4
\BOOKMARK [3][-]{subsubsection.2.1.2}{\376\377\000B\000u\000t}{subsection.2.1}% 5
\BOOKMARK [3][-]{subsubsection.2.1.3}{\376\377\000F\000o\000n\000c\000t\000i\000o\000n\000n\000e\000m\000e\000n\000t}{subsection.2.1}% 6
\BOOKMARK [2][-]{subsection.2.2}{\376\377\000M\000o\000d\000\350\000l\000e\000\040\000W\000h\000i\000t\000e\000b\000o\000x}{section.2}% 7
\BOOKMARK [3][-]{subsubsection.2.2.1}{\376\377\000D\000\351\000f\000i\000n\000i\000t\000i\000o\000n}{subsection.2.2}% 8
\BOOKMARK [3][-]{subsubsection.2.2.2}{\376\377\000B\000u\000t}{subsection.2.2}% 9
\BOOKMARK [3][-]{subsubsection.2.2.3}{\376\377\000F\000o\000n\000c\000t\000i\000o\000n\000n\000e\000m\000e\000n\000t}{subsection.2.2}% 10
\BOOKMARK [1][-]{section.3}{\376\377\000I\000m\000p\000l\000\351\000m\000e\000n\000t\000a\000t\000i\000o\000n}{}% 11
\BOOKMARK [2][-]{subsection.3.1}{\376\377\000P\000r\000\351\000s\000e\000n\000t\000a\000t\000i\000o\000n\000\040\000g\000\351\000n\000\351\000r\000a\000l\000e\000\040\000d\000e\000\040\000l\000'\000A\000E\000S}{section.3}% 12
\BOOKMARK [2][-]{subsection.3.2}{\376\377\000S\000t\000r\000u\000c\000t\000u\000r\000e\000\040\000d\000e\000\040\000n\000o\000t\000r\000e\000\040\000i\000m\000p\000l\000\351\000m\000e\000n\000t\000a\000t\000i\000o\000n}{section.3}% 13
\BOOKMARK [2][-]{subsection.3.3}{\376\377\000L\000a\000\040\000f\000o\000n\000c\000t\000i\000o\000n\000\040\000K\000e\000y\000E\000x\000p\000a\000n\000s\000i\000o\000n}{section.3}% 14
\BOOKMARK [2][-]{subsection.3.4}{\376\377\000L\000a\000\040\000f\000o\000n\000c\000t\000i\000o\000n\000\040\000g\000f\000\137\000m\000u\000l}{section.3}% 15
\BOOKMARK [2][-]{subsection.3.5}{\376\377\000L\000e\000s\000\040\000f\000o\000n\000c\000t\000i\000o\000n\000s\000\040\000d\000e\000\040\000d\000i\000f\000f\000u\000s\000i\000o\000n\000\040\000e\000t\000\040\000d\000e\000\040\000c\000o\000n\000f\000u\000s\000i\000o\000n\000\040\000d\000e\000\040\000c\000h\000i\000f\000f\000r\000e\000m\000e\000n\000t}{section.3}% 16
\BOOKMARK [3][-]{subsubsection.3.5.1}{\376\377\000A\000d\000d\000R\000o\000u\000n\000d\000K\000e\000y}{subsection.3.5}% 17
\BOOKMARK [3][-]{subsubsection.3.5.2}{\376\377\000S\000h\000i\000f\000t\000R\000o\000w\000s}{subsection.3.5}% 18
\BOOKMARK [3][-]{subsubsection.3.5.3}{\376\377\000S\000u\000b\000B\000y\000t\000e\000s}{subsection.3.5}% 19
\BOOKMARK [3][-]{subsubsection.3.5.4}{\376\377\000M\000i\000x\000C\000o\000l\000u\000m\000n\000s}{subsection.3.5}% 20
\BOOKMARK [3][-]{subsubsection.3.5.5}{\376\377\000C\000i\000p\000h\000e\000r}{subsection.3.5}% 21
\BOOKMARK [2][-]{subsection.3.6}{\376\377\000L\000e\000s\000\040\000f\000o\000n\000c\000t\000i\000o\000n\000s\000\040\000d\000e\000\040\000d\000i\000f\000f\000u\000s\000i\000o\000n\000\040\000e\000t\000\040\000d\000e\000\040\000c\000o\000n\000f\000u\000s\000i\000o\000n\000\040\000d\000e\000\040\000d\000\351\000c\000h\000i\000f\000f\000r\000e\000m\000e\000n\000t}{section.3}% 22
\BOOKMARK [3][-]{subsubsection.3.6.1}{\376\377\000I\000n\000v\000S\000h\000i\000f\000t\000R\000o\000w\000s}{subsection.3.6}% 23
\BOOKMARK [3][-]{subsubsection.3.6.2}{\376\377\000I\000n\000v\000S\000u\000b\000B\000y\000t\000e\000s}{subsection.3.6}% 24
\BOOKMARK [3][-]{subsubsection.3.6.3}{\376\377\000I\000n\000v\000M\000i\000x\000C\000o\000l\000u\000m\000n\000s}{subsection.3.6}% 25
\BOOKMARK [3][-]{subsubsection.3.6.4}{\376\377\000I\000n\000v\000C\000i\000p\000h\000e\000r}{subsection.3.6}% 26
\BOOKMARK [2][-]{subsection.3.7}{\376\377\000I\000m\000p\000l\000\351\000m\000e\000n\000t\000a\000t\000i\000o\000n\000\040\000d\000e\000s\000\040\000L\000o\000o\000k\000u\000p\000\040\000t\000a\000b\000l\000e\000s}{section.3}% 27
\BOOKMARK [3][-]{subsubsection.3.7.1}{\376\377\000T\000-\000b\000o\000x\000e\000s}{subsection.3.7}% 28
\BOOKMARK [3][-]{subsubsection.3.7.2}{\376\377\000T\000a\000b\000l\000e\000s\000\040\000T\000y\000\137\000i}{subsection.3.7}% 29
\BOOKMARK [3][-]{subsubsection.3.7.3}{\376\377\000T\000a\000b\000l\000e\000s\000\040\000X\000O\000R}{subsection.3.7}% 30
\BOOKMARK [3][-]{subsubsection.3.7.4}{\376\377\000T\000a\000b\000l\000e\000\040\000c\000o\000m\000p\000o\000s\000\351\000e}{subsection.3.7}% 31
\BOOKMARK [3][-]{subsubsection.3.7.5}{\376\377\000U\000t\000i\000l\000i\000s\000a\000t\000i\000o\000n\000\040\000d\000e\000s\000\040\000t\000a\000b\000l\000e\000s}{subsection.3.7}% 32
\BOOKMARK [2][-]{subsection.3.8}{\376\377\000C\000o\000m\000p\000i\000l\000a\000t\000i\000o\000n\000\040\000e\000t\000\040\000g\000\351\000n\000\351\000r\000a\000t\000i\000o\000n\000\040\000d\000e\000s\000\040\000t\000a\000b\000l\000e\000s}{section.3}% 33
\BOOKMARK [1][-]{section.4}{\376\377\000P\000r\000o\000t\000e\000c\000t\000i\000o\000n\000\040\000d\000e\000\040\000l\000'\000i\000m\000p\000l\000\351\000m\000e\000n\000t\000a\000t\000i\000o\000n}{}% 34
\BOOKMARK [2][-]{subsection.4.1}{\376\377\000E\000n\000c\000o\000d\000a\000g\000e\000/\000M\000a\000s\000q\000u\000a\000g\000e}{section.4}% 35
\BOOKMARK [3][-]{subsubsection.4.1.1}{\376\377\000D\000\351\000f\000i\000n\000i\000t\000i\000o\000n}{subsection.4.1}% 36
\BOOKMARK [3][-]{subsubsection.4.1.2}{\376\377\000M\000a\000s\000q\000u\000a\000g\000e\000\040\000d\000e\000s\000\040\000t\000a\000b\000l\000e\000s\000\040\000T\000y\000\137\000i\000\040\000e\000t\000\040\000d\000e\000s\000\040\000T\000-\000b\000o\000x\000e\000s}{subsection.4.1}% 37
\BOOKMARK [3][-]{subsubsection.4.1.3}{\376\377\000M\000a\000s\000q\000u\000a\000g\000e\000\040\000d\000e\000s\000\040\000t\000a\000b\000l\000e\000s\000\040\000c\000o\000m\000p\000o\000s\000\351\000s}{subsection.4.1}% 38
\BOOKMARK [2][-]{subsection.4.2}{\376\377\000M\000a\000t\000r\000i\000c\000e\000s\000\040\000d\000e\000\040\000b\000i\000j\000e\000c\000t\000i\000o\000n\000s}{section.4}% 39
\BOOKMARK [3][-]{subsubsection.4.2.1}{\376\377\000N\000\351\000c\000e\000s\000s\000i\000t\000\351\000\040\000d\000e\000\040\000c\000e\000s\000\040\000m\000a\000t\000r\000i\000c\000e\000s}{subsection.4.2}% 40
\BOOKMARK [3][-]{subsubsection.4.2.2}{\376\377\000D\000\351\000f\000i\000n\000i\000t\000i\000o\000n\000\040\000e\000t\000\040\000p\000r\000i\000n\000c\000i\000p\000e}{subsection.4.2}% 41
\BOOKMARK [1][-]{section.5}{\376\377\000A\000t\000t\000a\000q\000u\000e\000\040\000B\000G\000E}{}% 42
\BOOKMARK [2][-]{subsection.5.1}{\376\377\000S\000t\000r\000u\000c\000t\000u\000r\000e\000\040\000d\000e\000s\000\040\000t\000a\000b\000l\000e\000s\000\040\000c\000o\000m\000p\000o\000s\000\351\000e\000s}{section.5}% 43
\BOOKMARK [2][-]{subsection.5.2}{\376\377\000P\000r\000i\000n\000c\000i\000p\000e\000\040\000d\000e\000\040\000l\000'\000a\000t\000t\000a\000q\000u\000e}{section.5}% 44
\BOOKMARK [2][-]{subsection.5.3}{\376\377\000A\000p\000p\000l\000i\000c\000a\000t\000i\000o\000n\000\040\000s\000u\000r\000\040\000n\000o\000t\000r\000e\000\040\000i\000m\000p\000l\000\351\000m\000e\000n\000t\000a\000t\000i\000o\000n}{section.5}% 45
\BOOKMARK [1][-]{section.6}{\376\377\000C\000o\000n\000c\000l\000u\000s\000i\000o\000n}{}% 46
